{"/home/jailuser/git/converter.js": {"path":"/home/jailuser/git/converter.js","statementMap":{"0":{"start":{"line":1,"column":13},"end":{"line":1,"column":28}},"1":{"start":{"line":2,"column":11},"end":{"line":2,"column":24}},"2":{"start":{"line":3,"column":15},"end":{"line":3,"column":39}},"3":{"start":{"line":6,"column":27},"end":{"line":6,"column":31}},"4":{"start":{"line":7,"column":24},"end":{"line":7,"column":28}},"5":{"start":{"line":8,"column":22},"end":{"line":8,"column":26}},"6":{"start":{"line":9,"column":25},"end":{"line":9,"column":29}},"7":{"start":{"line":10,"column":22},"end":{"line":10,"column":27}},"8":{"start":{"line":13,"column":17},"end":{"line":13,"column":21}},"9":{"start":{"line":14,"column":15},"end":{"line":14,"column":19}},"10":{"start":{"line":15,"column":21},"end":{"line":15,"column":25}},"11":{"start":{"line":21,"column":2},"end":{"line":21,"column":50}},"12":{"start":{"line":22,"column":2},"end":{"line":22,"column":46}},"13":{"start":{"line":23,"column":2},"end":{"line":23,"column":58}},"14":{"start":{"line":33,"column":2},"end":{"line":35,"column":3}},"15":{"start":{"line":34,"column":4},"end":{"line":34,"column":77}},"16":{"start":{"line":38,"column":19},"end":{"line":38,"column":43}},"17":{"start":{"line":39,"column":2},"end":{"line":41,"column":3}},"18":{"start":{"line":40,"column":4},"end":{"line":40,"column":32}},"19":{"start":{"line":43,"column":2},"end":{"line":107,"column":5}},"20":{"start":{"line":45,"column":18},"end":{"line":45,"column":40}},"21":{"start":{"line":46,"column":21},"end":{"line":46,"column":32}},"22":{"start":{"line":47,"column":27},"end":{"line":47,"column":63}},"23":{"start":{"line":50,"column":23},"end":{"line":50,"column":62}},"24":{"start":{"line":51,"column":4},"end":{"line":53,"column":5}},"25":{"start":{"line":52,"column":6},"end":{"line":52,"column":52}},"26":{"start":{"line":55,"column":16},"end":{"line":55,"column":39}},"27":{"start":{"line":57,"column":25},"end":{"line":57,"column":54}},"28":{"start":{"line":58,"column":4},"end":{"line":60,"column":5}},"29":{"start":{"line":59,"column":6},"end":{"line":59,"column":51}},"30":{"start":{"line":61,"column":23},"end":{"line":61,"column":77}},"31":{"start":{"line":62,"column":4},"end":{"line":62,"column":35}},"32":{"start":{"line":64,"column":26},"end":{"line":103,"column":8}},"33":{"start":{"line":75,"column":8},"end":{"line":75,"column":43}},"34":{"start":{"line":78,"column":24},"end":{"line":78,"column":45}},"35":{"start":{"line":79,"column":8},"end":{"line":79,"column":28}},"36":{"start":{"line":80,"column":8},"end":{"line":80,"column":55}},"37":{"start":{"line":83,"column":8},"end":{"line":83,"column":36}},"38":{"start":{"line":84,"column":8},"end":{"line":84,"column":33}},"39":{"start":{"line":86,"column":8},"end":{"line":89,"column":9}},"40":{"start":{"line":87,"column":10},"end":{"line":87,"column":41}},"41":{"start":{"line":88,"column":10},"end":{"line":88,"column":33}},"42":{"start":{"line":90,"column":8},"end":{"line":90,"column":24}},"43":{"start":{"line":91,"column":8},"end":{"line":91,"column":41}},"44":{"start":{"line":92,"column":8},"end":{"line":92,"column":28}},"45":{"start":{"line":95,"column":8},"end":{"line":95,"column":36}},"46":{"start":{"line":96,"column":8},"end":{"line":96,"column":33}},"47":{"start":{"line":98,"column":8},"end":{"line":100,"column":9}},"48":{"start":{"line":99,"column":10},"end":{"line":99,"column":17}},"49":{"start":{"line":101,"column":8},"end":{"line":101,"column":42}},"50":{"start":{"line":102,"column":8},"end":{"line":102,"column":20}},"51":{"start":{"line":105,"column":4},"end":{"line":105,"column":41}},"52":{"start":{"line":106,"column":4},"end":{"line":106,"column":24}},"53":{"start":{"line":117,"column":2},"end":{"line":163,"column":5}},"54":{"start":{"line":118,"column":18},"end":{"line":118,"column":41}},"55":{"start":{"line":119,"column":22},"end":{"line":119,"column":32}},"56":{"start":{"line":120,"column":21},"end":{"line":120,"column":22}},"57":{"start":{"line":121,"column":4},"end":{"line":121,"column":28}},"58":{"start":{"line":123,"column":23},"end":{"line":123,"column":54}},"59":{"start":{"line":124,"column":24},"end":{"line":124,"column":54}},"60":{"start":{"line":127,"column":4},"end":{"line":127,"column":63}},"61":{"start":{"line":129,"column":4},"end":{"line":133,"column":7}},"62":{"start":{"line":130,"column":6},"end":{"line":130,"column":33}},"63":{"start":{"line":131,"column":22},"end":{"line":131,"column":52}},"64":{"start":{"line":132,"column":6},"end":{"line":132,"column":30}},"65":{"start":{"line":135,"column":4},"end":{"line":140,"column":7}},"66":{"start":{"line":136,"column":6},"end":{"line":136,"column":32}},"67":{"start":{"line":137,"column":6},"end":{"line":139,"column":7}},"68":{"start":{"line":138,"column":8},"end":{"line":138,"column":20}},"69":{"start":{"line":142,"column":4},"end":{"line":147,"column":7}},"70":{"start":{"line":143,"column":6},"end":{"line":143,"column":32}},"71":{"start":{"line":144,"column":6},"end":{"line":146,"column":7}},"72":{"start":{"line":145,"column":8},"end":{"line":145,"column":20}},"73":{"start":{"line":149,"column":4},"end":{"line":154,"column":7}},"74":{"start":{"line":150,"column":6},"end":{"line":150,"column":32}},"75":{"start":{"line":151,"column":6},"end":{"line":153,"column":7}},"76":{"start":{"line":152,"column":8},"end":{"line":152,"column":18}},"77":{"start":{"line":156,"column":4},"end":{"line":160,"column":7}},"78":{"start":{"line":157,"column":6},"end":{"line":159,"column":7}},"79":{"start":{"line":158,"column":8},"end":{"line":158,"column":44}},"80":{"start":{"line":162,"column":4},"end":{"line":162,"column":33}},"81":{"start":{"line":171,"column":19},"end":{"line":171,"column":24}},"82":{"start":{"line":174,"column":2},"end":{"line":191,"column":3}},"83":{"start":{"line":175,"column":4},"end":{"line":175,"column":22}},"84":{"start":{"line":176,"column":4},"end":{"line":176,"column":27}},"85":{"start":{"line":177,"column":50},"end":{"line":177,"column":68}},"86":{"start":{"line":179,"column":4},"end":{"line":179,"column":25}},"87":{"start":{"line":180,"column":4},"end":{"line":180,"column":26}},"88":{"start":{"line":181,"column":4},"end":{"line":181,"column":30}},"89":{"start":{"line":184,"column":4},"end":{"line":190,"column":5}},"90":{"start":{"line":185,"column":6},"end":{"line":189,"column":7}},"91":{"start":{"line":186,"column":8},"end":{"line":186,"column":32}},"92":{"start":{"line":188,"column":8},"end":{"line":188,"column":64}},"93":{"start":{"line":194,"column":2},"end":{"line":197,"column":3}},"94":{"start":{"line":195,"column":4},"end":{"line":195,"column":41}},"95":{"start":{"line":196,"column":4},"end":{"line":196,"column":32}},"96":{"start":{"line":200,"column":2},"end":{"line":206,"column":3}},"97":{"start":{"line":201,"column":4},"end":{"line":205,"column":5}},"98":{"start":{"line":202,"column":6},"end":{"line":202,"column":39}},"99":{"start":{"line":204,"column":6},"end":{"line":204,"column":64}},"100":{"start":{"line":209,"column":2},"end":{"line":215,"column":3}},"101":{"start":{"line":210,"column":4},"end":{"line":214,"column":5}},"102":{"start":{"line":211,"column":6},"end":{"line":211,"column":37}},"103":{"start":{"line":213,"column":6},"end":{"line":213,"column":54}},"104":{"start":{"line":217,"column":2},"end":{"line":217,"column":27}},"105":{"start":{"line":218,"column":2},"end":{"line":218,"column":25}},"106":{"start":{"line":220,"column":18},"end":{"line":220,"column":72}},"107":{"start":{"line":221,"column":2},"end":{"line":221,"column":20}},"108":{"start":{"line":222,"column":2},"end":{"line":222,"column":16}},"109":{"start":{"line":224,"column":2},"end":{"line":224,"column":24}},"110":{"start":{"line":234,"column":2},"end":{"line":234,"column":34}},"111":{"start":{"line":234,"column":21},"end":{"line":234,"column":34}},"112":{"start":{"line":236,"column":16},"end":{"line":236,"column":39}},"113":{"start":{"line":237,"column":19},"end":{"line":237,"column":30}},"114":{"start":{"line":238,"column":25},"end":{"line":238,"column":61}},"115":{"start":{"line":239,"column":21},"end":{"line":239,"column":60}},"116":{"start":{"line":241,"column":14},"end":{"line":241,"column":38}},"117":{"start":{"line":242,"column":19},"end":{"line":242,"column":49}},"118":{"start":{"line":243,"column":21},"end":{"line":243,"column":69}},"119":{"start":{"line":245,"column":2},"end":{"line":245,"column":35}},"120":{"start":{"line":253,"column":2},"end":{"line":253,"column":37}},"121":{"start":{"line":256,"column":0},"end":{"line":263,"column":2}}},"fnMap":{"0":{"name":"init","decl":{"start":{"line":20,"column":9},"end":{"line":20,"column":13}},"loc":{"start":{"line":20,"column":25},"end":{"line":24,"column":1}},"line":20},"1":{"name":"(anonymous_1)","decl":{"start":{"line":21,"column":40},"end":{"line":21,"column":41}},"loc":{"start":{"line":21,"column":46},"end":{"line":21,"column":48}},"line":21},"2":{"name":"(anonymous_2)","decl":{"start":{"line":22,"column":36},"end":{"line":22,"column":37}},"loc":{"start":{"line":22,"column":42},"end":{"line":22,"column":44}},"line":22},"3":{"name":"(anonymous_3)","decl":{"start":{"line":23,"column":48},"end":{"line":23,"column":49}},"loc":{"start":{"line":23,"column":54},"end":{"line":23,"column":56}},"line":23},"4":{"name":"convertVideo","decl":{"start":{"line":32,"column":9},"end":{"line":32,"column":21}},"loc":{"start":{"line":32,"column":47},"end":{"line":108,"column":1}},"line":32},"5":{"name":"(anonymous_5)","decl":{"start":{"line":43,"column":21},"end":{"line":43,"column":22}},"loc":{"start":{"line":43,"column":42},"end":{"line":107,"column":3}},"line":43},"6":{"name":"(anonymous_6)","decl":{"start":{"line":74,"column":19},"end":{"line":74,"column":20}},"loc":{"start":{"line":74,"column":25},"end":{"line":76,"column":7}},"line":74},"7":{"name":"(anonymous_7)","decl":{"start":{"line":77,"column":22},"end":{"line":77,"column":23}},"loc":{"start":{"line":77,"column":36},"end":{"line":81,"column":7}},"line":77},"8":{"name":"(anonymous_8)","decl":{"start":{"line":82,"column":17},"end":{"line":82,"column":18}},"loc":{"start":{"line":82,"column":23},"end":{"line":93,"column":7}},"line":82},"9":{"name":"(anonymous_9)","decl":{"start":{"line":94,"column":19},"end":{"line":94,"column":20}},"loc":{"start":{"line":94,"column":28},"end":{"line":103,"column":7}},"line":94},"10":{"name":"copyFile","decl":{"start":{"line":116,"column":9},"end":{"line":116,"column":17}},"loc":{"start":{"line":116,"column":40},"end":{"line":164,"column":1}},"line":116},"11":{"name":"(anonymous_11)","decl":{"start":{"line":117,"column":21},"end":{"line":117,"column":22}},"loc":{"start":{"line":117,"column":42},"end":{"line":163,"column":3}},"line":117},"12":{"name":"(anonymous_12)","decl":{"start":{"line":129,"column":26},"end":{"line":129,"column":27}},"loc":{"start":{"line":129,"column":37},"end":{"line":133,"column":5}},"line":129},"13":{"name":"(anonymous_13)","decl":{"start":{"line":135,"column":27},"end":{"line":135,"column":28}},"loc":{"start":{"line":135,"column":36},"end":{"line":140,"column":5}},"line":135},"14":{"name":"(anonymous_14)","decl":{"start":{"line":142,"column":28},"end":{"line":142,"column":29}},"loc":{"start":{"line":142,"column":37},"end":{"line":147,"column":5}},"line":142},"15":{"name":"(anonymous_15)","decl":{"start":{"line":149,"column":29},"end":{"line":149,"column":30}},"loc":{"start":{"line":149,"column":35},"end":{"line":154,"column":5}},"line":149},"16":{"name":"(anonymous_16)","decl":{"start":{"line":156,"column":28},"end":{"line":156,"column":29}},"loc":{"start":{"line":156,"column":34},"end":{"line":160,"column":5}},"line":156},"17":{"name":"cancel","decl":{"start":{"line":170,"column":9},"end":{"line":170,"column":15}},"loc":{"start":{"line":170,"column":18},"end":{"line":225,"column":1}},"line":170},"18":{"name":"outputExists","decl":{"start":{"line":233,"column":9},"end":{"line":233,"column":21}},"loc":{"start":{"line":233,"column":48},"end":{"line":246,"column":1}},"line":233},"19":{"name":"isCopying","decl":{"start":{"line":252,"column":9},"end":{"line":252,"column":18}},"loc":{"start":{"line":252,"column":21},"end":{"line":254,"column":1}},"line":252}},"branchMap":{"0":{"loc":{"start":{"line":21,"column":15},"end":{"line":21,"column":49}},"type":"binary-expr","locations":[{"start":{"line":21,"column":15},"end":{"line":21,"column":35}},{"start":{"line":21,"column":40},"end":{"line":21,"column":48}}],"line":21},"1":{"loc":{"start":{"line":22,"column":13},"end":{"line":22,"column":45}},"type":"binary-expr","locations":[{"start":{"line":22,"column":13},"end":{"line":22,"column":31}},{"start":{"line":22,"column":36},"end":{"line":22,"column":44}}],"line":22},"2":{"loc":{"start":{"line":23,"column":19},"end":{"line":23,"column":57}},"type":"binary-expr","locations":[{"start":{"line":23,"column":19},"end":{"line":23,"column":43}},{"start":{"line":23,"column":48},"end":{"line":23,"column":56}}],"line":23},"3":{"loc":{"start":{"line":33,"column":2},"end":{"line":35,"column":3}},"type":"if","locations":[{"start":{"line":33,"column":2},"end":{"line":35,"column":3}},{"start":{},"end":{}}],"line":33},"4":{"loc":{"start":{"line":39,"column":2},"end":{"line":41,"column":3}},"type":"if","locations":[{"start":{"line":39,"column":2},"end":{"line":41,"column":3}},{"start":{},"end":{}}],"line":39},"5":{"loc":{"start":{"line":51,"column":4},"end":{"line":53,"column":5}},"type":"if","locations":[{"start":{"line":51,"column":4},"end":{"line":53,"column":5}},{"start":{},"end":{}}],"line":51},"6":{"loc":{"start":{"line":58,"column":4},"end":{"line":60,"column":5}},"type":"if","locations":[{"start":{"line":58,"column":4},"end":{"line":60,"column":5}},{"start":{},"end":{}}],"line":58},"7":{"loc":{"start":{"line":78,"column":24},"end":{"line":78,"column":45}},"type":"binary-expr","locations":[{"start":{"line":78,"column":24},"end":{"line":78,"column":40}},{"start":{"line":78,"column":44},"end":{"line":78,"column":45}}],"line":78},"8":{"loc":{"start":{"line":86,"column":8},"end":{"line":89,"column":9}},"type":"if","locations":[{"start":{"line":86,"column":8},"end":{"line":89,"column":9}},{"start":{},"end":{}}],"line":86},"9":{"loc":{"start":{"line":86,"column":12},"end":{"line":86,"column":61}},"type":"binary-expr","locations":[{"start":{"line":86,"column":12},"end":{"line":86,"column":27}},{"start":{"line":86,"column":31},"end":{"line":86,"column":61}}],"line":86},"10":{"loc":{"start":{"line":98,"column":8},"end":{"line":100,"column":9}},"type":"if","locations":[{"start":{"line":98,"column":8},"end":{"line":100,"column":9}},{"start":{},"end":{}}],"line":98},"11":{"loc":{"start":{"line":98,"column":12},"end":{"line":98,"column":88}},"type":"binary-expr","locations":[{"start":{"line":98,"column":12},"end":{"line":98,"column":43}},{"start":{"line":98,"column":47},"end":{"line":98,"column":88}}],"line":98},"12":{"loc":{"start":{"line":137,"column":6},"end":{"line":139,"column":7}},"type":"if","locations":[{"start":{"line":137,"column":6},"end":{"line":139,"column":7}},{"start":{},"end":{}}],"line":137},"13":{"loc":{"start":{"line":144,"column":6},"end":{"line":146,"column":7}},"type":"if","locations":[{"start":{"line":144,"column":6},"end":{"line":146,"column":7}},{"start":{},"end":{}}],"line":144},"14":{"loc":{"start":{"line":151,"column":6},"end":{"line":153,"column":7}},"type":"if","locations":[{"start":{"line":151,"column":6},"end":{"line":153,"column":7}},{"start":{},"end":{}}],"line":151},"15":{"loc":{"start":{"line":157,"column":6},"end":{"line":159,"column":7}},"type":"if","locations":[{"start":{"line":157,"column":6},"end":{"line":159,"column":7}},{"start":{},"end":{}}],"line":157},"16":{"loc":{"start":{"line":174,"column":2},"end":{"line":191,"column":3}},"type":"if","locations":[{"start":{"line":174,"column":2},"end":{"line":191,"column":3}},{"start":{},"end":{}}],"line":174},"17":{"loc":{"start":{"line":184,"column":4},"end":{"line":190,"column":5}},"type":"if","locations":[{"start":{"line":184,"column":4},"end":{"line":190,"column":5}},{"start":{},"end":{}}],"line":184},"18":{"loc":{"start":{"line":184,"column":8},"end":{"line":184,"column":43}},"type":"binary-expr","locations":[{"start":{"line":184,"column":8},"end":{"line":184,"column":16}},{"start":{"line":184,"column":20},"end":{"line":184,"column":43}}],"line":184},"19":{"loc":{"start":{"line":194,"column":2},"end":{"line":197,"column":3}},"type":"if","locations":[{"start":{"line":194,"column":2},"end":{"line":197,"column":3}},{"start":{},"end":{}}],"line":194},"20":{"loc":{"start":{"line":200,"column":2},"end":{"line":206,"column":3}},"type":"if","locations":[{"start":{"line":200,"column":2},"end":{"line":206,"column":3}},{"start":{},"end":{}}],"line":200},"21":{"loc":{"start":{"line":200,"column":6},"end":{"line":200,"column":59}},"type":"binary-expr","locations":[{"start":{"line":200,"column":6},"end":{"line":200,"column":23}},{"start":{"line":200,"column":27},"end":{"line":200,"column":59}}],"line":200},"22":{"loc":{"start":{"line":209,"column":2},"end":{"line":215,"column":3}},"type":"if","locations":[{"start":{"line":209,"column":2},"end":{"line":215,"column":3}},{"start":{},"end":{}}],"line":209},"23":{"loc":{"start":{"line":209,"column":6},"end":{"line":209,"column":55}},"type":"binary-expr","locations":[{"start":{"line":209,"column":6},"end":{"line":209,"column":21}},{"start":{"line":209,"column":25},"end":{"line":209,"column":55}}],"line":209},"24":{"loc":{"start":{"line":220,"column":18},"end":{"line":220,"column":72}},"type":"cond-expr","locations":[{"start":{"line":220,"column":31},"end":{"line":220,"column":47}},{"start":{"line":220,"column":50},"end":{"line":220,"column":72}}],"line":220},"25":{"loc":{"start":{"line":234,"column":2},"end":{"line":234,"column":34}},"type":"if","locations":[{"start":{"line":234,"column":2},"end":{"line":234,"column":34}},{"start":{},"end":{}}],"line":234}},"s":{"0":1,"1":1,"2":1,"3":1,"4":1,"5":1,"6":1,"7":1,"8":1,"9":1,"10":1,"11":50,"12":50,"13":50,"14":27,"15":2,"16":25,"17":25,"18":4,"19":25,"20":25,"21":25,"22":25,"23":25,"24":25,"25":20,"26":25,"27":25,"28":25,"29":4,"30":25,"31":25,"32":25,"33":24,"34":3,"35":3,"36":3,"37":17,"38":17,"39":17,"40":1,"41":1,"42":17,"43":17,"44":17,"45":2,"46":2,"47":2,"48":1,"49":1,"50":1,"51":25,"52":25,"53":10,"54":10,"55":10,"56":10,"57":10,"58":10,"59":10,"60":10,"61":10,"62":5,"63":5,"64":5,"65":10,"66":2,"67":2,"68":1,"69":10,"70":1,"71":1,"72":1,"73":10,"74":4,"75":4,"76":4,"77":10,"78":1,"79":1,"80":10,"81":9,"82":9,"83":3,"84":3,"85":3,"86":3,"87":3,"88":3,"89":3,"90":1,"91":1,"92":0,"93":9,"94":6,"95":6,"96":9,"97":3,"98":3,"99":1,"100":9,"101":1,"102":1,"103":0,"104":9,"105":9,"106":9,"107":9,"108":9,"109":9,"110":6,"111":2,"112":4,"113":4,"114":4,"115":4,"116":4,"117":4,"118":4,"119":4,"120":4,"121":1},"f":{"0":50,"1":0,"2":0,"3":0,"4":27,"5":25,"6":24,"7":3,"8":17,"9":2,"10":10,"11":10,"12":5,"13":2,"14":1,"15":4,"16":1,"17":9,"18":6,"19":4},"b":{"0":[50,1],"1":[50,2],"2":[50,2],"3":[2,25],"4":[4,21],"5":[20,5],"6":[4,21],"7":[3,1],"8":[1,16],"9":[17,9],"10":[1,1],"11":[2,1],"12":[1,1],"13":[1,0],"14":[4,0],"15":[1,0],"16":[3,6],"17":[1,2],"18":[3,3],"19":[6,3],"20":[3,6],"21":[9,6],"22":[1,8],"23":[9,2],"24":[3,6],"25":[2,4]},"_coverageSchema":"1a1c01bbd47fc00a2c39e90264f33305004495a9","hash":"33a2305a3f1343a925ca7cd415675515b1342acd"}
,"/home/jailuser/git/main.js": {"path":"/home/jailuser/git/main.js","statementMap":{"0":{"start":{"line":1,"column":48},"end":{"line":1,"column":67}},"1":{"start":{"line":2,"column":13},"end":{"line":2,"column":28}},"2":{"start":{"line":3,"column":11},"end":{"line":3,"column":24}},"3":{"start":{"line":4,"column":21},"end":{"line":4,"column":45}},"4":{"start":{"line":5,"column":18},"end":{"line":5,"column":40}},"5":{"start":{"line":8,"column":28},"end":{"line":8,"column":32}},"6":{"start":{"line":9,"column":23},"end":{"line":9,"column":32}},"7":{"start":{"line":10,"column":25},"end":{"line":10,"column":30}},"8":{"start":{"line":13,"column":21},"end":{"line":13,"column":72}},"9":{"start":{"line":16,"column":2},"end":{"line":22,"column":3}},"10":{"start":{"line":17,"column":4},"end":{"line":19,"column":5}},"11":{"start":{"line":18,"column":6},"end":{"line":18,"column":63}},"12":{"start":{"line":21,"column":4},"end":{"line":21,"column":51}},"13":{"start":{"line":23,"column":2},"end":{"line":23,"column":12}},"14":{"start":{"line":27,"column":2},"end":{"line":31,"column":3}},"15":{"start":{"line":28,"column":4},"end":{"line":28,"column":70}},"16":{"start":{"line":30,"column":4},"end":{"line":30,"column":51}},"17":{"start":{"line":35,"column":2},"end":{"line":44,"column":5}},"18":{"start":{"line":46,"column":2},"end":{"line":46,"column":36}},"19":{"start":{"line":49,"column":2},"end":{"line":53,"column":5}},"20":{"start":{"line":50,"column":29},"end":{"line":50,"column":88}},"21":{"start":{"line":51,"column":27},"end":{"line":51,"column":84}},"22":{"start":{"line":52,"column":33},"end":{"line":52,"column":86}},"23":{"start":{"line":56,"column":0},"end":{"line":56,"column":35}},"24":{"start":{"line":58,"column":0},"end":{"line":62,"column":3}},"25":{"start":{"line":59,"column":2},"end":{"line":61,"column":3}},"26":{"start":{"line":60,"column":4},"end":{"line":60,"column":15}},"27":{"start":{"line":64,"column":0},"end":{"line":68,"column":3}},"28":{"start":{"line":65,"column":2},"end":{"line":67,"column":3}},"29":{"start":{"line":66,"column":4},"end":{"line":66,"column":19}},"30":{"start":{"line":71,"column":0},"end":{"line":84,"column":3}},"31":{"start":{"line":72,"column":17},"end":{"line":77,"column":4}},"32":{"start":{"line":79,"column":2},"end":{"line":81,"column":3}},"33":{"start":{"line":80,"column":4},"end":{"line":80,"column":16}},"34":{"start":{"line":83,"column":2},"end":{"line":83,"column":29}},"35":{"start":{"line":87,"column":0},"end":{"line":102,"column":3}},"36":{"start":{"line":88,"column":19},"end":{"line":88,"column":33}},"37":{"start":{"line":89,"column":17},"end":{"line":92,"column":4}},"38":{"start":{"line":94,"column":2},"end":{"line":96,"column":3}},"39":{"start":{"line":95,"column":4},"end":{"line":95,"column":16}},"40":{"start":{"line":98,"column":21},"end":{"line":98,"column":40}},"41":{"start":{"line":99,"column":2},"end":{"line":99,"column":37}},"42":{"start":{"line":100,"column":2},"end":{"line":100,"column":25}},"43":{"start":{"line":101,"column":2},"end":{"line":101,"column":20}},"44":{"start":{"line":105,"column":0},"end":{"line":108,"column":3}},"45":{"start":{"line":106,"column":19},"end":{"line":106,"column":33}},"46":{"start":{"line":107,"column":2},"end":{"line":107,"column":39}},"47":{"start":{"line":111,"column":0},"end":{"line":114,"column":3}},"48":{"start":{"line":112,"column":19},"end":{"line":112,"column":33}},"49":{"start":{"line":113,"column":2},"end":{"line":113,"column":66}},"50":{"start":{"line":117,"column":0},"end":{"line":123,"column":3}},"51":{"start":{"line":118,"column":25},"end":{"line":118,"column":43}},"52":{"start":{"line":119,"column":2},"end":{"line":121,"column":3}},"53":{"start":{"line":120,"column":4},"end":{"line":120,"column":31}},"54":{"start":{"line":122,"column":2},"end":{"line":122,"column":14}},"55":{"start":{"line":127,"column":22},"end":{"line":127,"column":24}},"56":{"start":{"line":128,"column":19},"end":{"line":128,"column":35}},"57":{"start":{"line":130,"column":2},"end":{"line":164,"column":3}},"58":{"start":{"line":131,"column":4},"end":{"line":161,"column":5}},"59":{"start":{"line":133,"column":21},"end":{"line":133,"column":60}},"60":{"start":{"line":134,"column":20},"end":{"line":134,"column":38}},"61":{"start":{"line":135,"column":6},"end":{"line":144,"column":7}},"62":{"start":{"line":136,"column":22},"end":{"line":136,"column":37}},"63":{"start":{"line":137,"column":8},"end":{"line":143,"column":9}},"64":{"start":{"line":138,"column":28},"end":{"line":138,"column":36}},"65":{"start":{"line":140,"column":10},"end":{"line":142,"column":11}},"66":{"start":{"line":141,"column":12},"end":{"line":141,"column":40}},"67":{"start":{"line":145,"column":11},"end":{"line":161,"column":5}},"68":{"start":{"line":147,"column":22},"end":{"line":147,"column":48}},"69":{"start":{"line":148,"column":6},"end":{"line":150,"column":7}},"70":{"start":{"line":149,"column":8},"end":{"line":149,"column":53}},"71":{"start":{"line":151,"column":11},"end":{"line":161,"column":5}},"72":{"start":{"line":153,"column":21},"end":{"line":153,"column":80}},"73":{"start":{"line":154,"column":20},"end":{"line":154,"column":38}},"74":{"start":{"line":155,"column":6},"end":{"line":160,"column":7}},"75":{"start":{"line":156,"column":22},"end":{"line":156,"column":33}},"76":{"start":{"line":157,"column":8},"end":{"line":159,"column":9}},"77":{"start":{"line":158,"column":10},"end":{"line":158,"column":41}},"78":{"start":{"line":163,"column":4},"end":{"line":163,"column":54}},"79":{"start":{"line":166,"column":2},"end":{"line":166,"column":21}},"80":{"start":{"line":170,"column":2},"end":{"line":175,"column":3}},"81":{"start":{"line":171,"column":21},"end":{"line":171,"column":70}},"82":{"start":{"line":172,"column":4},"end":{"line":174,"column":5}},"83":{"start":{"line":173,"column":6},"end":{"line":173,"column":22}},"84":{"start":{"line":176,"column":2},"end":{"line":176,"column":14}},"85":{"start":{"line":180,"column":26},"end":{"line":180,"column":67}},"86":{"start":{"line":181,"column":2},"end":{"line":193,"column":3}},"87":{"start":{"line":182,"column":18},"end":{"line":188,"column":40}},"88":{"start":{"line":183,"column":19},"end":{"line":183,"column":74}},"89":{"start":{"line":185,"column":25},"end":{"line":185,"column":47}},"90":{"start":{"line":186,"column":8},"end":{"line":186,"column":79}},"91":{"start":{"line":188,"column":22},"end":{"line":188,"column":39}},"92":{"start":{"line":189,"column":4},"end":{"line":189,"column":43}},"93":{"start":{"line":191,"column":4},"end":{"line":191,"column":56}},"94":{"start":{"line":192,"column":4},"end":{"line":192,"column":16}},"95":{"start":{"line":197,"column":19},"end":{"line":197,"column":33}},"96":{"start":{"line":198,"column":23},"end":{"line":198,"column":44}},"97":{"start":{"line":200,"column":2},"end":{"line":203,"column":3}},"98":{"start":{"line":201,"column":4},"end":{"line":201,"column":91}},"99":{"start":{"line":202,"column":4},"end":{"line":202,"column":11}},"100":{"start":{"line":206,"column":2},"end":{"line":210,"column":3}},"101":{"start":{"line":207,"column":4},"end":{"line":207,"column":89}},"102":{"start":{"line":208,"column":4},"end":{"line":208,"column":107}},"103":{"start":{"line":209,"column":4},"end":{"line":209,"column":11}},"104":{"start":{"line":213,"column":19},"end":{"line":213,"column":79}},"105":{"start":{"line":215,"column":2},"end":{"line":233,"column":3}},"106":{"start":{"line":217,"column":4},"end":{"line":217,"column":84}},"107":{"start":{"line":218,"column":4},"end":{"line":218,"column":51}},"108":{"start":{"line":219,"column":4},"end":{"line":219,"column":54}},"109":{"start":{"line":220,"column":4},"end":{"line":220,"column":94}},"110":{"start":{"line":223,"column":4},"end":{"line":223,"column":64}},"111":{"start":{"line":225,"column":4},"end":{"line":225,"column":46}},"112":{"start":{"line":226,"column":4},"end":{"line":228,"column":5}},"113":{"start":{"line":227,"column":6},"end":{"line":227,"column":93}},"114":{"start":{"line":230,"column":4},"end":{"line":232,"column":5}},"115":{"start":{"line":231,"column":6},"end":{"line":231,"column":30}},"116":{"start":{"line":237,"column":2},"end":{"line":237,"column":33}},"117":{"start":{"line":237,"column":26},"end":{"line":237,"column":33}},"118":{"start":{"line":239,"column":2},"end":{"line":278,"column":3}},"119":{"start":{"line":240,"column":31},"end":{"line":240,"column":47}},"120":{"start":{"line":241,"column":23},"end":{"line":241,"column":50}},"121":{"start":{"line":244,"column":22},"end":{"line":244,"column":24}},"122":{"start":{"line":245,"column":4},"end":{"line":249,"column":5}},"123":{"start":{"line":246,"column":6},"end":{"line":248,"column":7}},"124":{"start":{"line":247,"column":8},"end":{"line":247,"column":34}},"125":{"start":{"line":252,"column":4},"end":{"line":252,"column":34}},"126":{"start":{"line":255,"column":4},"end":{"line":275,"column":5}},"127":{"start":{"line":256,"column":23},"end":{"line":256,"column":53}},"128":{"start":{"line":257,"column":6},"end":{"line":274,"column":7}},"129":{"start":{"line":258,"column":8},"end":{"line":258,"column":34}},"130":{"start":{"line":259,"column":8},"end":{"line":259,"column":89}},"131":{"start":{"line":261,"column":28},"end":{"line":261,"column":56}},"132":{"start":{"line":262,"column":8},"end":{"line":273,"column":9}},"133":{"start":{"line":263,"column":10},"end":{"line":266,"column":13}},"134":{"start":{"line":267,"column":10},"end":{"line":269,"column":13}},"135":{"start":{"line":268,"column":12},"end":{"line":268,"column":39}},"136":{"start":{"line":271,"column":10},"end":{"line":271,"column":93}},"137":{"start":{"line":272,"column":10},"end":{"line":272,"column":37}},"138":{"start":{"line":277,"column":4},"end":{"line":277,"column":48}},"139":{"start":{"line":282,"column":2},"end":{"line":282,"column":36}},"140":{"start":{"line":282,"column":29},"end":{"line":282,"column":36}},"141":{"start":{"line":285,"column":2},"end":{"line":285,"column":47}},"142":{"start":{"line":287,"column":2},"end":{"line":287,"column":56}},"143":{"start":{"line":288,"column":2},"end":{"line":288,"column":40}},"144":{"start":{"line":292,"column":2},"end":{"line":296,"column":3}},"145":{"start":{"line":293,"column":4},"end":{"line":293,"column":41}},"146":{"start":{"line":294,"column":4},"end":{"line":294,"column":33}},"147":{"start":{"line":295,"column":4},"end":{"line":295,"column":42}},"148":{"start":{"line":300,"column":0},"end":{"line":311,"column":3}},"149":{"start":{"line":301,"column":19},"end":{"line":301,"column":33}},"150":{"start":{"line":302,"column":2},"end":{"line":302,"column":42}},"151":{"start":{"line":303,"column":2},"end":{"line":303,"column":25}},"152":{"start":{"line":305,"column":2},"end":{"line":309,"column":3}},"153":{"start":{"line":306,"column":4},"end":{"line":306,"column":25}},"154":{"start":{"line":308,"column":4},"end":{"line":308,"column":24}},"155":{"start":{"line":310,"column":2},"end":{"line":310,"column":17}},"156":{"start":{"line":313,"column":0},"end":{"line":319,"column":3}},"157":{"start":{"line":314,"column":19},"end":{"line":314,"column":33}},"158":{"start":{"line":315,"column":2},"end":{"line":318,"column":4}},"159":{"start":{"line":322,"column":0},"end":{"line":327,"column":3}},"160":{"start":{"line":323,"column":19},"end":{"line":323,"column":33}},"161":{"start":{"line":324,"column":2},"end":{"line":326,"column":3}},"162":{"start":{"line":325,"column":4},"end":{"line":325,"column":25}},"163":{"start":{"line":330,"column":0},"end":{"line":332,"column":3}},"164":{"start":{"line":331,"column":2},"end":{"line":331,"column":22}}},"fnMap":{"0":{"name":"loadSettings","decl":{"start":{"line":15,"column":9},"end":{"line":15,"column":21}},"loc":{"start":{"line":15,"column":24},"end":{"line":24,"column":1}},"line":15},"1":{"name":"saveSettings","decl":{"start":{"line":26,"column":9},"end":{"line":26,"column":21}},"loc":{"start":{"line":26,"column":32},"end":{"line":32,"column":1}},"line":26},"2":{"name":"createWindow","decl":{"start":{"line":34,"column":9},"end":{"line":34,"column":21}},"loc":{"start":{"line":34,"column":24},"end":{"line":54,"column":1}},"line":34},"3":{"name":"(anonymous_3)","decl":{"start":{"line":50,"column":16},"end":{"line":50,"column":17}},"loc":{"start":{"line":50,"column":29},"end":{"line":50,"column":88}},"line":50},"4":{"name":"(anonymous_4)","decl":{"start":{"line":51,"column":14},"end":{"line":51,"column":15}},"loc":{"start":{"line":51,"column":27},"end":{"line":51,"column":84}},"line":51},"5":{"name":"(anonymous_5)","decl":{"start":{"line":52,"column":20},"end":{"line":52,"column":21}},"loc":{"start":{"line":52,"column":33},"end":{"line":52,"column":86}},"line":52},"6":{"name":"(anonymous_6)","decl":{"start":{"line":58,"column":28},"end":{"line":58,"column":29}},"loc":{"start":{"line":58,"column":34},"end":{"line":62,"column":1}},"line":58},"7":{"name":"(anonymous_7)","decl":{"start":{"line":64,"column":19},"end":{"line":64,"column":20}},"loc":{"start":{"line":64,"column":25},"end":{"line":68,"column":1}},"line":64},"8":{"name":"(anonymous_8)","decl":{"start":{"line":71,"column":30},"end":{"line":71,"column":31}},"loc":{"start":{"line":71,"column":42},"end":{"line":84,"column":1}},"line":71},"9":{"name":"(anonymous_9)","decl":{"start":{"line":87,"column":39},"end":{"line":87,"column":40}},"loc":{"start":{"line":87,"column":51},"end":{"line":102,"column":1}},"line":87},"10":{"name":"(anonymous_10)","decl":{"start":{"line":105,"column":36},"end":{"line":105,"column":37}},"loc":{"start":{"line":105,"column":48},"end":{"line":108,"column":1}},"line":105},"11":{"name":"(anonymous_11)","decl":{"start":{"line":111,"column":32},"end":{"line":111,"column":33}},"loc":{"start":{"line":111,"column":60},"end":{"line":114,"column":1}},"line":111},"12":{"name":"(anonymous_12)","decl":{"start":{"line":117,"column":36},"end":{"line":117,"column":37}},"loc":{"start":{"line":117,"column":48},"end":{"line":123,"column":1}},"line":117},"13":{"name":"getMountPoints","decl":{"start":{"line":126,"column":9},"end":{"line":126,"column":23}},"loc":{"start":{"line":126,"column":26},"end":{"line":167,"column":1}},"line":126},"14":{"name":"checkForCameraDrive","decl":{"start":{"line":169,"column":9},"end":{"line":169,"column":28}},"loc":{"start":{"line":169,"column":42},"end":{"line":177,"column":1}},"line":169},"15":{"name":"getLatestVideoFile","decl":{"start":{"line":179,"column":9},"end":{"line":179,"column":27}},"loc":{"start":{"line":179,"column":38},"end":{"line":194,"column":1}},"line":179},"16":{"name":"(anonymous_16)","decl":{"start":{"line":183,"column":14},"end":{"line":183,"column":15}},"loc":{"start":{"line":183,"column":19},"end":{"line":183,"column":74}},"line":183},"17":{"name":"(anonymous_17)","decl":{"start":{"line":184,"column":11},"end":{"line":184,"column":12}},"loc":{"start":{"line":184,"column":16},"end":{"line":187,"column":7}},"line":184},"18":{"name":"(anonymous_18)","decl":{"start":{"line":188,"column":12},"end":{"line":188,"column":13}},"loc":{"start":{"line":188,"column":22},"end":{"line":188,"column":39}},"line":188},"19":{"name":"copyAndConvert","decl":{"start":{"line":196,"column":15},"end":{"line":196,"column":29}},"loc":{"start":{"line":196,"column":42},"end":{"line":234,"column":1}},"line":196},"20":{"name":"pollDrives","decl":{"start":{"line":236,"column":9},"end":{"line":236,"column":19}},"loc":{"start":{"line":236,"column":22},"end":{"line":279,"column":1}},"line":236},"21":{"name":"(anonymous_21)","decl":{"start":{"line":267,"column":46},"end":{"line":267,"column":47}},"loc":{"start":{"line":267,"column":52},"end":{"line":269,"column":11}},"line":267},"22":{"name":"startUsbMonitoring","decl":{"start":{"line":281,"column":9},"end":{"line":281,"column":27}},"loc":{"start":{"line":281,"column":30},"end":{"line":289,"column":1}},"line":281},"23":{"name":"stopUsbMonitoring","decl":{"start":{"line":291,"column":9},"end":{"line":291,"column":26}},"loc":{"start":{"line":291,"column":29},"end":{"line":297,"column":1}},"line":291},"24":{"name":"(anonymous_24)","decl":{"start":{"line":300,"column":40},"end":{"line":300,"column":41}},"loc":{"start":{"line":300,"column":66},"end":{"line":311,"column":1}},"line":300},"25":{"name":"(anonymous_25)","decl":{"start":{"line":313,"column":44},"end":{"line":313,"column":45}},"loc":{"start":{"line":313,"column":56},"end":{"line":319,"column":1}},"line":313},"26":{"name":"(anonymous_26)","decl":{"start":{"line":322,"column":16},"end":{"line":322,"column":17}},"loc":{"start":{"line":322,"column":22},"end":{"line":327,"column":1}},"line":322},"27":{"name":"(anonymous_27)","decl":{"start":{"line":330,"column":22},"end":{"line":330,"column":23}},"loc":{"start":{"line":330,"column":28},"end":{"line":332,"column":1}},"line":330}},"branchMap":{"0":{"loc":{"start":{"line":17,"column":4},"end":{"line":19,"column":5}},"type":"if","locations":[{"start":{"line":17,"column":4},"end":{"line":19,"column":5}},{"start":{},"end":{}}],"line":17},"1":{"loc":{"start":{"line":59,"column":2},"end":{"line":61,"column":3}},"type":"if","locations":[{"start":{"line":59,"column":2},"end":{"line":61,"column":3}},{"start":{},"end":{}}],"line":59},"2":{"loc":{"start":{"line":65,"column":2},"end":{"line":67,"column":3}},"type":"if","locations":[{"start":{"line":65,"column":2},"end":{"line":67,"column":3}},{"start":{},"end":{}}],"line":65},"3":{"loc":{"start":{"line":79,"column":2},"end":{"line":81,"column":3}},"type":"if","locations":[{"start":{"line":79,"column":2},"end":{"line":81,"column":3}},{"start":{},"end":{}}],"line":79},"4":{"loc":{"start":{"line":79,"column":6},"end":{"line":79,"column":54}},"type":"binary-expr","locations":[{"start":{"line":79,"column":6},"end":{"line":79,"column":21}},{"start":{"line":79,"column":25},"end":{"line":79,"column":54}}],"line":79},"5":{"loc":{"start":{"line":94,"column":2},"end":{"line":96,"column":3}},"type":"if","locations":[{"start":{"line":94,"column":2},"end":{"line":96,"column":3}},{"start":{},"end":{}}],"line":94},"6":{"loc":{"start":{"line":94,"column":6},"end":{"line":94,"column":54}},"type":"binary-expr","locations":[{"start":{"line":94,"column":6},"end":{"line":94,"column":21}},{"start":{"line":94,"column":25},"end":{"line":94,"column":54}}],"line":94},"7":{"loc":{"start":{"line":107,"column":9},"end":{"line":107,"column":38}},"type":"binary-expr","locations":[{"start":{"line":107,"column":9},"end":{"line":107,"column":30}},{"start":{"line":107,"column":34},"end":{"line":107,"column":38}}],"line":107},"8":{"loc":{"start":{"line":119,"column":2},"end":{"line":121,"column":3}},"type":"if","locations":[{"start":{"line":119,"column":2},"end":{"line":121,"column":3}},{"start":{},"end":{}}],"line":119},"9":{"loc":{"start":{"line":131,"column":4},"end":{"line":161,"column":5}},"type":"if","locations":[{"start":{"line":131,"column":4},"end":{"line":161,"column":5}},{"start":{"line":145,"column":11},"end":{"line":161,"column":5}}],"line":131},"10":{"loc":{"start":{"line":137,"column":8},"end":{"line":143,"column":9}},"type":"if","locations":[{"start":{"line":137,"column":8},"end":{"line":143,"column":9}},{"start":{},"end":{}}],"line":137},"11":{"loc":{"start":{"line":140,"column":10},"end":{"line":142,"column":11}},"type":"if","locations":[{"start":{"line":140,"column":10},"end":{"line":142,"column":11}},{"start":{},"end":{}}],"line":140},"12":{"loc":{"start":{"line":140,"column":14},"end":{"line":140,"column":117}},"type":"binary-expr","locations":[{"start":{"line":140,"column":14},"end":{"line":140,"column":45}},{"start":{"line":140,"column":49},"end":{"line":140,"column":78}},{"start":{"line":140,"column":82},"end":{"line":140,"column":117}}],"line":140},"13":{"loc":{"start":{"line":145,"column":11},"end":{"line":161,"column":5}},"type":"if","locations":[{"start":{"line":145,"column":11},"end":{"line":161,"column":5}},{"start":{"line":151,"column":11},"end":{"line":161,"column":5}}],"line":145},"14":{"loc":{"start":{"line":151,"column":11},"end":{"line":161,"column":5}},"type":"if","locations":[{"start":{"line":151,"column":11},"end":{"line":161,"column":5}},{"start":{},"end":{}}],"line":151},"15":{"loc":{"start":{"line":157,"column":8},"end":{"line":159,"column":9}},"type":"if","locations":[{"start":{"line":157,"column":8},"end":{"line":159,"column":9}},{"start":{},"end":{}}],"line":157},"16":{"loc":{"start":{"line":172,"column":4},"end":{"line":174,"column":5}},"type":"if","locations":[{"start":{"line":172,"column":4},"end":{"line":174,"column":5}},{"start":{},"end":{}}],"line":172},"17":{"loc":{"start":{"line":189,"column":11},"end":{"line":189,"column":42}},"type":"cond-expr","locations":[{"start":{"line":189,"column":22},"end":{"line":189,"column":35}},{"start":{"line":189,"column":38},"end":{"line":189,"column":42}}],"line":189},"18":{"loc":{"start":{"line":200,"column":2},"end":{"line":203,"column":3}},"type":"if","locations":[{"start":{"line":200,"column":2},"end":{"line":203,"column":3}},{"start":{},"end":{}}],"line":200},"19":{"loc":{"start":{"line":206,"column":2},"end":{"line":210,"column":3}},"type":"if","locations":[{"start":{"line":206,"column":2},"end":{"line":210,"column":3}},{"start":{},"end":{}}],"line":206},"20":{"loc":{"start":{"line":226,"column":4},"end":{"line":228,"column":5}},"type":"if","locations":[{"start":{"line":226,"column":4},"end":{"line":228,"column":5}},{"start":{},"end":{}}],"line":226},"21":{"loc":{"start":{"line":230,"column":4},"end":{"line":232,"column":5}},"type":"if","locations":[{"start":{"line":230,"column":4},"end":{"line":232,"column":5}},{"start":{},"end":{}}],"line":230},"22":{"loc":{"start":{"line":237,"column":2},"end":{"line":237,"column":33}},"type":"if","locations":[{"start":{"line":237,"column":2},"end":{"line":237,"column":33}},{"start":{},"end":{}}],"line":237},"23":{"loc":{"start":{"line":246,"column":6},"end":{"line":248,"column":7}},"type":"if","locations":[{"start":{"line":246,"column":6},"end":{"line":248,"column":7}},{"start":{},"end":{}}],"line":246},"24":{"loc":{"start":{"line":255,"column":4},"end":{"line":275,"column":5}},"type":"if","locations":[{"start":{"line":255,"column":4},"end":{"line":275,"column":5}},{"start":{},"end":{}}],"line":255},"25":{"loc":{"start":{"line":257,"column":6},"end":{"line":274,"column":7}},"type":"if","locations":[{"start":{"line":257,"column":6},"end":{"line":274,"column":7}},{"start":{},"end":{}}],"line":257},"26":{"loc":{"start":{"line":262,"column":8},"end":{"line":273,"column":9}},"type":"if","locations":[{"start":{"line":262,"column":8},"end":{"line":273,"column":9}},{"start":{"line":270,"column":15},"end":{"line":273,"column":9}}],"line":262},"27":{"loc":{"start":{"line":282,"column":2},"end":{"line":282,"column":36}},"type":"if","locations":[{"start":{"line":282,"column":2},"end":{"line":282,"column":36}},{"start":{},"end":{}}],"line":282},"28":{"loc":{"start":{"line":292,"column":2},"end":{"line":296,"column":3}},"type":"if","locations":[{"start":{"line":292,"column":2},"end":{"line":296,"column":3}},{"start":{},"end":{}}],"line":292},"29":{"loc":{"start":{"line":305,"column":2},"end":{"line":309,"column":3}},"type":"if","locations":[{"start":{"line":305,"column":2},"end":{"line":309,"column":3}},{"start":{"line":307,"column":9},"end":{"line":309,"column":3}}],"line":305},"30":{"loc":{"start":{"line":316,"column":13},"end":{"line":316,"column":51}},"type":"binary-expr","locations":[{"start":{"line":316,"column":13},"end":{"line":316,"column":42}},{"start":{"line":316,"column":46},"end":{"line":316,"column":51}}],"line":316},"31":{"loc":{"start":{"line":324,"column":2},"end":{"line":326,"column":3}},"type":"if","locations":[{"start":{"line":324,"column":2},"end":{"line":326,"column":3}},{"start":{},"end":{}}],"line":324}},"s":{"0":33,"1":33,"2":33,"3":33,"4":33,"5":33,"6":33,"7":33,"8":33,"9":17,"10":17,"11":0,"12":0,"13":17,"14":9,"15":9,"16":0,"17":34,"18":34,"19":34,"20":0,"21":0,"22":0,"23":33,"24":33,"25":2,"26":1,"27":33,"28":2,"29":1,"30":33,"31":5,"32":5,"33":3,"34":2,"35":33,"36":5,"37":5,"38":5,"39":1,"40":4,"41":4,"42":4,"43":4,"44":33,"45":3,"46":3,"47":33,"48":3,"49":3,"50":33,"51":2,"52":2,"53":1,"54":2,"55":3,"56":3,"57":3,"58":3,"59":3,"60":3,"61":0,"62":0,"63":0,"64":0,"65":0,"66":0,"67":0,"68":0,"69":0,"70":0,"71":0,"72":0,"73":0,"74":0,"75":0,"76":0,"77":0,"78":3,"79":3,"80":0,"81":0,"82":0,"83":0,"84":0,"85":0,"86":0,"87":0,"88":0,"89":0,"90":0,"91":0,"92":0,"93":0,"94":0,"95":0,"96":0,"97":0,"98":0,"99":0,"100":0,"101":0,"102":0,"103":0,"104":0,"105":0,"106":0,"107":0,"108":0,"109":0,"110":0,"111":0,"112":0,"113":0,"114":0,"115":0,"116":0,"117":0,"118":0,"119":0,"120":0,"121":0,"122":0,"123":0,"124":0,"125":0,"126":0,"127":0,"128":0,"129":0,"130":0,"131":0,"132":0,"133":0,"134":0,"135":0,"136":0,"137":0,"138":0,"139":3,"140":0,"141":3,"142":3,"143":3,"144":2,"145":1,"146":1,"147":1,"148":33,"149":5,"150":5,"151":5,"152":5,"153":3,"154":2,"155":5,"156":33,"157":1,"158":1,"159":33,"160":0,"161":0,"162":0,"163":33,"164":0},"f":{"0":17,"1":9,"2":34,"3":0,"4":0,"5":0,"6":2,"7":2,"8":5,"9":5,"10":3,"11":3,"12":2,"13":3,"14":0,"15":0,"16":0,"17":0,"18":0,"19":0,"20":0,"21":0,"22":3,"23":2,"24":5,"25":1,"26":0,"27":0},"b":{"0":[0,17],"1":[1,1],"2":[1,1],"3":[3,2],"4":[5,4],"5":[1,4],"6":[5,4],"7":[3,3],"8":[1,1],"9":[3,0],"10":[0,0],"11":[0,0],"12":[0,0,0],"13":[0,0],"14":[0,0],"15":[0,0],"16":[0,0],"17":[0,0],"18":[0,0],"19":[0,0],"20":[0,0],"21":[0,0],"22":[0,0],"23":[0,0],"24":[0,0],"25":[0,0],"26":[0,0],"27":[0,3],"28":[1,1],"29":[3,2],"30":[1,1],"31":[0,0]},"_coverageSchema":"1a1c01bbd47fc00a2c39e90264f33305004495a9","hash":"b0f3e3d770efa932e2c316d6a3ee340fade3eae6"}
}