TN:
SF:converter.js
FN:20,init
FN:21,(anonymous_1)
FN:22,(anonymous_2)
FN:23,(anonymous_3)
FN:32,convertVideo
FN:43,(anonymous_5)
FN:74,(anonymous_6)
FN:77,(anonymous_7)
FN:82,(anonymous_8)
FN:94,(anonymous_9)
FN:116,copyFile
FN:117,(anonymous_11)
FN:129,(anonymous_12)
FN:135,(anonymous_13)
FN:142,(anonymous_14)
FN:149,(anonymous_15)
FN:156,(anonymous_16)
FN:170,cancel
FN:233,outputExists
FN:252,isCopying
FNF:20
FNH:17
FNDA:50,init
FNDA:0,(anonymous_1)
FNDA:0,(anonymous_2)
FNDA:0,(anonymous_3)
FNDA:27,convertVideo
FNDA:25,(anonymous_5)
FNDA:24,(anonymous_6)
FNDA:3,(anonymous_7)
FNDA:17,(anonymous_8)
FNDA:2,(anonymous_9)
FNDA:10,copyFile
FNDA:10,(anonymous_11)
FNDA:5,(anonymous_12)
FNDA:2,(anonymous_13)
FNDA:1,(anonymous_14)
FNDA:4,(anonymous_15)
FNDA:1,(anonymous_16)
FNDA:9,cancel
FNDA:6,outputExists
FNDA:4,isCopying
DA:1,1
DA:2,1
DA:3,1
DA:6,1
DA:7,1
DA:8,1
DA:9,1
DA:10,1
DA:13,1
DA:14,1
DA:15,1
DA:21,50
DA:22,50
DA:23,50
DA:33,27
DA:34,2
DA:38,25
DA:39,25
DA:40,4
DA:43,25
DA:45,25
DA:46,25
DA:47,25
DA:50,25
DA:51,25
DA:52,20
DA:55,25
DA:57,25
DA:58,25
DA:59,4
DA:61,25
DA:62,25
DA:64,25
DA:75,24
DA:78,3
DA:79,3
DA:80,3
DA:83,17
DA:84,17
DA:86,17
DA:87,1
DA:88,1
DA:90,17
DA:91,17
DA:92,17
DA:95,2
DA:96,2
DA:98,2
DA:99,1
DA:101,1
DA:102,1
DA:105,25
DA:106,25
DA:117,10
DA:118,10
DA:119,10
DA:120,10
DA:121,10
DA:123,10
DA:124,10
DA:127,10
DA:129,10
DA:130,5
DA:131,5
DA:132,5
DA:135,10
DA:136,2
DA:137,2
DA:138,1
DA:142,10
DA:143,1
DA:144,1
DA:145,1
DA:149,10
DA:150,4
DA:151,4
DA:152,4
DA:156,10
DA:157,1
DA:158,1
DA:162,10
DA:171,9
DA:174,9
DA:175,3
DA:176,3
DA:177,3
DA:179,3
DA:180,3
DA:181,3
DA:184,3
DA:185,1
DA:186,1
DA:188,0
DA:194,9
DA:195,6
DA:196,6
DA:200,9
DA:201,3
DA:202,3
DA:204,1
DA:209,9
DA:210,1
DA:211,1
DA:213,0
DA:217,9
DA:218,9
DA:220,9
DA:221,9
DA:222,9
DA:224,9
DA:234,6
DA:236,4
DA:237,4
DA:238,4
DA:239,4
DA:241,4
DA:242,4
DA:243,4
DA:245,4
DA:253,4
DA:256,1
LF:121
LH:119
BRDA:21,0,0,50
BRDA:21,0,1,1
BRDA:22,1,0,50
BRDA:22,1,1,2
BRDA:23,2,0,50
BRDA:23,2,1,2
BRDA:33,3,0,2
BRDA:33,3,1,25
BRDA:39,4,0,4
BRDA:39,4,1,21
BRDA:51,5,0,20
BRDA:51,5,1,5
BRDA:58,6,0,4
BRDA:58,6,1,21
BRDA:78,7,0,3
BRDA:78,7,1,1
BRDA:86,8,0,1
BRDA:86,8,1,16
BRDA:86,9,0,17
BRDA:86,9,1,9
BRDA:98,10,0,1
BRDA:98,10,1,1
BRDA:98,11,0,2
BRDA:98,11,1,1
BRDA:137,12,0,1
BRDA:137,12,1,1
BRDA:144,13,0,1
BRDA:144,13,1,0
BRDA:151,14,0,4
BRDA:151,14,1,0
BRDA:157,15,0,1
BRDA:157,15,1,0
BRDA:174,16,0,3
BRDA:174,16,1,6
BRDA:184,17,0,1
BRDA:184,17,1,2
BRDA:184,18,0,3
BRDA:184,18,1,3
BRDA:194,19,0,6
BRDA:194,19,1,3
BRDA:200,20,0,3
BRDA:200,20,1,6
BRDA:200,21,0,9
BRDA:200,21,1,6
BRDA:209,22,0,1
BRDA:209,22,1,8
BRDA:209,23,0,9
BRDA:209,23,1,2
BRDA:220,24,0,3
BRDA:220,24,1,6
BRDA:234,25,0,2
BRDA:234,25,1,4
BRF:52
BRH:49
end_of_record
TN:
SF:main.js
FN:15,loadSettings
FN:26,saveSettings
FN:34,createWindow
FN:50,(anonymous_3)
FN:51,(anonymous_4)
FN:52,(anonymous_5)
FN:58,(anonymous_6)
FN:64,(anonymous_7)
FN:71,(anonymous_8)
FN:87,(anonymous_9)
FN:105,(anonymous_10)
FN:111,(anonymous_11)
FN:117,(anonymous_12)
FN:126,getMountPoints
FN:169,checkForCameraDrive
FN:179,getLatestVideoFile
FN:183,(anonymous_16)
FN:184,(anonymous_17)
FN:188,(anonymous_18)
FN:196,copyAndConvert
FN:236,pollDrives
FN:267,(anonymous_21)
FN:281,startUsbMonitoring
FN:291,stopUsbMonitoring
FN:300,(anonymous_24)
FN:313,(anonymous_25)
FN:322,(anonymous_26)
FN:330,(anonymous_27)
FNF:28
FNH:15
FNDA:17,loadSettings
FNDA:9,saveSettings
FNDA:34,createWindow
FNDA:0,(anonymous_3)
FNDA:0,(anonymous_4)
FNDA:0,(anonymous_5)
FNDA:2,(anonymous_6)
FNDA:2,(anonymous_7)
FNDA:5,(anonymous_8)
FNDA:5,(anonymous_9)
FNDA:3,(anonymous_10)
FNDA:3,(anonymous_11)
FNDA:2,(anonymous_12)
FNDA:3,getMountPoints
FNDA:0,checkForCameraDrive
FNDA:0,getLatestVideoFile
FNDA:0,(anonymous_16)
FNDA:0,(anonymous_17)
FNDA:0,(anonymous_18)
FNDA:0,copyAndConvert
FNDA:0,pollDrives
FNDA:0,(anonymous_21)
FNDA:3,startUsbMonitoring
FNDA:2,stopUsbMonitoring
FNDA:5,(anonymous_24)
FNDA:1,(anonymous_25)
FNDA:0,(anonymous_26)
FNDA:0,(anonymous_27)
DA:1,33
DA:2,33
DA:3,33
DA:4,33
DA:5,33
DA:8,33
DA:9,33
DA:10,33
DA:13,33
DA:16,17
DA:17,17
DA:18,0
DA:21,0
DA:23,17
DA:27,9
DA:28,9
DA:30,0
DA:35,34
DA:46,34
DA:49,34
DA:50,0
DA:51,0
DA:52,0
DA:56,33
DA:58,33
DA:59,2
DA:60,1
DA:64,33
DA:65,2
DA:66,1
DA:71,33
DA:72,5
DA:79,5
DA:80,3
DA:83,2
DA:87,33
DA:88,5
DA:89,5
DA:94,5
DA:95,1
DA:98,4
DA:99,4
DA:100,4
DA:101,4
DA:105,33
DA:106,3
DA:107,3
DA:111,33
DA:112,3
DA:113,3
DA:117,33
DA:118,2
DA:119,2
DA:120,1
DA:122,2
DA:127,3
DA:128,3
DA:130,3
DA:131,3
DA:133,3
DA:134,3
DA:135,0
DA:136,0
DA:137,0
DA:138,0
DA:140,0
DA:141,0
DA:145,0
DA:147,0
DA:148,0
DA:149,0
DA:151,0
DA:153,0
DA:154,0
DA:155,0
DA:156,0
DA:157,0
DA:158,0
DA:163,3
DA:166,3
DA:170,0
DA:171,0
DA:172,0
DA:173,0
DA:176,0
DA:180,0
DA:181,0
DA:182,0
DA:183,0
DA:185,0
DA:186,0
DA:188,0
DA:189,0
DA:191,0
DA:192,0
DA:197,0
DA:198,0
DA:200,0
DA:201,0
DA:202,0
DA:206,0
DA:207,0
DA:208,0
DA:209,0
DA:213,0
DA:215,0
DA:217,0
DA:218,0
DA:219,0
DA:220,0
DA:223,0
DA:225,0
DA:226,0
DA:227,0
DA:230,0
DA:231,0
DA:237,0
DA:239,0
DA:240,0
DA:241,0
DA:244,0
DA:245,0
DA:246,0
DA:247,0
DA:252,0
DA:255,0
DA:256,0
DA:257,0
DA:258,0
DA:259,0
DA:261,0
DA:262,0
DA:263,0
DA:267,0
DA:268,0
DA:271,0
DA:272,0
DA:277,0
DA:282,3
DA:285,3
DA:287,3
DA:288,3
DA:292,2
DA:293,1
DA:294,1
DA:295,1
DA:300,33
DA:301,5
DA:302,5
DA:303,5
DA:305,5
DA:306,3
DA:308,2
DA:310,5
DA:313,33
DA:314,1
DA:315,1
DA:322,33
DA:323,0
DA:324,0
DA:325,0
DA:330,33
DA:331,0
LF:163
LH:78
BRDA:17,0,0,0
BRDA:17,0,1,17
BRDA:59,1,0,1
BRDA:59,1,1,1
BRDA:65,2,0,1
BRDA:65,2,1,1
BRDA:79,3,0,3
BRDA:79,3,1,2
BRDA:79,4,0,5
BRDA:79,4,1,4
BRDA:94,5,0,1
BRDA:94,5,1,4
BRDA:94,6,0,5
BRDA:94,6,1,4
BRDA:107,7,0,3
BRDA:107,7,1,3
BRDA:119,8,0,1
BRDA:119,8,1,1
BRDA:131,9,0,3
BRDA:131,9,1,0
BRDA:137,10,0,0
BRDA:137,10,1,0
BRDA:140,11,0,0
BRDA:140,11,1,0
BRDA:140,12,0,0
BRDA:140,12,1,0
BRDA:140,12,2,0
BRDA:145,13,0,0
BRDA:145,13,1,0
BRDA:151,14,0,0
BRDA:151,14,1,0
BRDA:157,15,0,0
BRDA:157,15,1,0
BRDA:172,16,0,0
BRDA:172,16,1,0
BRDA:189,17,0,0
BRDA:189,17,1,0
BRDA:200,18,0,0
BRDA:200,18,1,0
BRDA:206,19,0,0
BRDA:206,19,1,0
BRDA:226,20,0,0
BRDA:226,20,1,0
BRDA:230,21,0,0
BRDA:230,21,1,0
BRDA:237,22,0,0
BRDA:237,22,1,0
BRDA:246,23,0,0
BRDA:246,23,1,0
BRDA:255,24,0,0
BRDA:255,24,1,0
BRDA:257,25,0,0
BRDA:257,25,1,0
BRDA:262,26,0,0
BRDA:262,26,1,0
BRDA:282,27,0,0
BRDA:282,27,1,3
BRDA:292,28,0,1
BRDA:292,28,1,1
BRDA:305,29,0,3
BRDA:305,29,1,2
BRDA:316,30,0,1
BRDA:316,30,1,1
BRDA:324,31,0,0
BRDA:324,31,1,0
BRF:65
BRH:25
end_of_record